c:\users\tombu\owncloud\fel\semestr_3\dpg\frustumgl\project\src\frustumgl\frustumgl\x64\release\aabb.obj
c:\users\tombu\owncloud\fel\semestr_3\dpg\frustumgl\project\src\frustumgl\frustumgl\x64\release\bvhnode.obj
c:\users\tombu\owncloud\fel\semestr_3\dpg\frustumgl\project\src\frustumgl\frustumgl\x64\release\ccamera.obj
c:\users\tombu\owncloud\fel\semestr_3\dpg\frustumgl\project\src\frustumgl\frustumgl\x64\release\frustum.obj
c:\users\tombu\owncloud\fel\semestr_3\dpg\frustumgl\project\src\frustumgl\frustumgl\x64\release\main.obj
c:\users\tombu\owncloud\fel\semestr_3\dpg\frustumgl\project\src\frustumgl\frustumgl\x64\release\mesh.obj
c:\users\tombu\owncloud\fel\semestr_3\dpg\frustumgl\project\src\frustumgl\frustumgl\x64\release\objloader.obj
c:\users\tombu\owncloud\fel\semestr_3\dpg\frustumgl\project\src\frustumgl\frustumgl\x64\release\renderobject.obj
c:\users\tombu\owncloud\fel\semestr_3\dpg\frustumgl\project\src\frustumgl\frustumgl\x64\release\sceneloader.obj
c:\users\tombu\owncloud\fel\semestr_3\dpg\frustumgl\project\src\frustumgl\frustumgl\x64\release\shaderprogram.obj
c:\users\tombu\owncloud\fel\semestr_3\dpg\frustumgl\project\src\frustumgl\frustumgl\x64\release\splitmesh.obj
c:\users\tombu\appdata\local\temp\lnk{4a8a3c67-455d-4c66-a627-7e520f108f12}.tmp
c:\users\tombu\owncloud\fel\semestr_3\dpg\frustumgl\project\src\frustumgl\x64\release\frustumgl.exe
c:\users\tombu\owncloud\fel\semestr_3\dpg\frustumgl\project\src\frustumgl\x64\release\frustumgl.pdb
c:\users\tombu\owncloud\fel\semestr_3\dpg\frustumgl\project\src\frustumgl\frustumgl\x64\release\frustumgl.tlog\icl-mcpcom.read.1.tlog
c:\users\tombu\owncloud\fel\semestr_3\dpg\frustumgl\project\src\frustumgl\frustumgl\x64\release\frustumgl.tlog\icl-mcpcom.write.1.tlog
c:\users\tombu\owncloud\fel\semestr_3\dpg\frustumgl\project\src\frustumgl\frustumgl\x64\release\frustumgl.tlog\icl.command.1.tlog
c:\users\tombu\owncloud\fel\semestr_3\dpg\frustumgl\project\src\frustumgl\frustumgl\x64\release\frustumgl.tlog\icl.read.1.tlog
c:\users\tombu\owncloud\fel\semestr_3\dpg\frustumgl\project\src\frustumgl\frustumgl\x64\release\frustumgl.tlog\icl.write.1.tlog
c:\users\tombu\owncloud\fel\semestr_3\dpg\frustumgl\project\src\frustumgl\frustumgl\x64\release\frustumgl.tlog\xilink-link-cvtres.read.1.tlog
c:\users\tombu\owncloud\fel\semestr_3\dpg\frustumgl\project\src\frustumgl\frustumgl\x64\release\frustumgl.tlog\xilink-link-cvtres.write.1.tlog
c:\users\tombu\owncloud\fel\semestr_3\dpg\frustumgl\project\src\frustumgl\frustumgl\x64\release\frustumgl.tlog\xilink-link-rc.read.1.tlog
c:\users\tombu\owncloud\fel\semestr_3\dpg\frustumgl\project\src\frustumgl\frustumgl\x64\release\frustumgl.tlog\xilink-link-rc.write.1.tlog
c:\users\tombu\owncloud\fel\semestr_3\dpg\frustumgl\project\src\frustumgl\frustumgl\x64\release\frustumgl.tlog\xilink-link.read.1.tlog
c:\users\tombu\owncloud\fel\semestr_3\dpg\frustumgl\project\src\frustumgl\frustumgl\x64\release\frustumgl.tlog\xilink-link.write.1.tlog
c:\users\tombu\owncloud\fel\semestr_3\dpg\frustumgl\project\src\frustumgl\frustumgl\x64\release\frustumgl.tlog\xilink-mcpcom.read.1.tlog
c:\users\tombu\owncloud\fel\semestr_3\dpg\frustumgl\project\src\frustumgl\frustumgl\x64\release\frustumgl.tlog\xilink-mcpcom.write.1.tlog
c:\users\tombu\owncloud\fel\semestr_3\dpg\frustumgl\project\src\frustumgl\frustumgl\x64\release\frustumgl.tlog\xilink.command.1.tlog
c:\users\tombu\owncloud\fel\semestr_3\dpg\frustumgl\project\src\frustumgl\frustumgl\x64\release\frustumgl.tlog\xilink.read.1.tlog
c:\users\tombu\owncloud\fel\semestr_3\dpg\frustumgl\project\src\frustumgl\frustumgl\x64\release\frustumgl.tlog\xilink.write.1.tlog
